22:25:00.341 [main] INFO  i.p.r.builders.PraeceptaRuleBuilder - Rule Props File to Use from Classpath praecepta-rule-load.properties 
22:25:00.346 [main] INFO  i.p.r.builders.PraeceptaRuleBuilder - Props Loaded  --> {SQL_DB.connection_props.MySQL.db.username=root, FILE_SYSTEM.connection_props.Windows.folder_name=G:\Praecepta\IntegrationTest, SQL_DB.type=, SQL_DB.connection_props.MySQL.db.password=root, NO_SQL_DB.connection_props.ElasticSearch.password=, NO_SQL_DB.type=, SQL_DB.connection_props.MySQL.db.driver=com.mysql.jdbc.Driver, SQL_DB.connection_props.MySQL.db.dialect=org.hibernate.dialect.MySQLDialect, SQL_DB.connection_props.MySQL.model.packages=org.xploretech.rules.hub.dbbased.model, NO_SQL_DB.connection_props.ElasticSearch.port=, SQL_DB.connection_props.MySQL.db.url=jdbc:mysql://127.0.0.1:3306/praecepta?autoReconnect=true, FILE_SYSTEM.type=Windows, rule_loader_type=FILE_SYSTEM, NO_SQL_DB.connection_props.ElasticSearch.user_name=, NO_SQL_DB.connection_props.ElasticSearch.ip=, SQL_DB.connection_props.MySQL.show_sql=true, FILE_SYSTEM.connection_props.Windows.file_name=praeceptaMetaData.json} 
22:25:00.389 [main] INFO  i.p.r.builders.PraeceptaRuleBuilder - Props Loaded from Hash Map --> {SQL_DB.connection_props.MySQL.show_sql=true, NO_SQL_DB.connection_props.ElasticSearch.user_name=, NO_SQL_DB.type=, NO_SQL_DB.connection_props.ElasticSearch.password=, FILE_SYSTEM.type=Windows, NO_SQL_DB.connection_props.ElasticSearch.port=, SQL_DB.connection_props.MySQL.db.dialect=org.hibernate.dialect.MySQLDialect, SQL_DB.type=, rule_loader_type=FILE_SYSTEM, FILE_SYSTEM.connection_props.Windows.folder_name=G:\Praecepta\IntegrationTest, FILE_SYSTEM.connection_props.Windows.file_name=praeceptaMetaData.json, SQL_DB.connection_props.MySQL.db.username=root, NO_SQL_DB.connection_props.ElasticSearch.ip=, SQL_DB.connection_props.MySQL.db.password=root, SQL_DB.connection_props.MySQL.db.url=jdbc:mysql://127.0.0.1:3306/praecepta?autoReconnect=true, SQL_DB.connection_props.MySQL.model.packages=org.xploretech.rules.hub.dbbased.model, SQL_DB.connection_props.MySQL.db.driver=com.mysql.jdbc.Driver}
22:25:00.390 [main] INFO  i.p.r.builders.PraeceptaRuleBuilder -  Building the Rule Space 
22:25:00.391 [main] INFO  i.p.r.builders.PraeceptaRuleBuilder -  Rule Persistant Type from Props File --> FILE_SYSTEM 
22:25:00.393 [main] INFO  i.p.r.builders.PraeceptaRuleBuilder -  Rule Persistant Sub Type from Props File --> Windows 
22:25:00.393 [main] INFO  i.p.r.builders.PraeceptaRuleBuilder -  Rule Builder Connection Props Prefix FILE_SYSTEM.connection_props.Windows 
22:25:00.411 [main] INFO  i.p.r.builders.PraeceptaRuleBuilder -  Rule Builder Connection Props from Props File --> {FILE_SYSTEM.connection_props.Windows.folder_name=G:\Praecepta\IntegrationTest, FILE_SYSTEM.connection_props.Windows.file_name=praeceptaMetaData.json} 
22:25:00.415 [main] INFO  i.p.r.builders.PraeceptaRuleBuilder -  Adding System Prop Key FILE_SYSTEM.connection_props.Windows.folder_name with Value G:\Praecepta\IntegrationTest
22:25:00.416 [main] INFO  i.p.r.builders.PraeceptaRuleBuilder -  Adding System Prop Key FILE_SYSTEM.connection_props.Windows.file_name with Value praeceptaMetaData.json
22:25:00.612 [main] INFO  i.p.r.h.c.c.ConditionConfigSelector -  Checking the Selector for Persistant Type FILE_SYSTEM 
22:25:00.612 [main] INFO  i.p.r.h.c.c.ConditionConfigSelector -  Ccomparing getPersistantType SQL_DB and RULE_SET_UP_PERSISTANT_TYPE of rulePersistantType FILE_SYSTEM 
22:25:00.612 [main] INFO  i.p.r.h.c.c.ConditionConfigSelector -  Checking the Selector for Persistant Type FILE_SYSTEM 
22:25:00.613 [main] INFO  i.p.r.h.c.c.ConditionConfigSelector -  Ccomparing getPersistantType NO_SQL_DB and RULE_SET_UP_PERSISTANT_TYPE of rulePersistantType FILE_SYSTEM 
22:25:00.613 [main] INFO  i.p.r.h.c.c.ConditionConfigSelector -  Checking the Selector for Persistant Type FILE_SYSTEM 
22:25:00.613 [main] INFO  i.p.r.h.c.c.ConditionConfigSelector -  Ccomparing getPersistantType FILE_SYSTEM and RULE_SET_UP_PERSISTANT_TYPE of rulePersistantType FILE_SYSTEM 
22:25:00.613 [main] INFO  i.p.r.h.c.c.ConditionConfigSelector -  Seletor Matched for Persistant Type 
22:25:00.613 [main] INFO  i.p.r.h.c.c.ConditionConfigSelector -  SubType Check is needed 
22:25:00.614 [main] INFO  i.p.r.h.c.c.ConditionConfigSelector -  SubType Passed Windows 
22:25:00.614 [main] INFO  i.p.r.h.c.c.ConditionConfigSelector -  Ccomparing getPersistantSubType Windows and RULE_SET_UP_PERSISTANT_SUB_TYPE of rulePersistantSubType Windows 
22:25:00.614 [main] INFO  i.p.r.h.c.c.ConditionConfigSelector -  Seletor Matched for Sub Persistant Type 
22:25:00.639 [main] INFO  i.p.r.h.c.c.ConditionConfigSelector -  Checking the Selector for Persistant Type FILE_SYSTEM 
22:25:00.640 [main] INFO  i.p.r.h.c.c.ConditionConfigSelector -  Ccomparing getPersistantType FILE_SYSTEM and RULE_SET_UP_PERSISTANT_TYPE of rulePersistantType FILE_SYSTEM 
22:25:00.640 [main] INFO  i.p.r.h.c.c.ConditionConfigSelector -  Seletor Matched for Persistant Type 
22:25:00.640 [main] INFO  i.p.r.h.c.c.ConditionConfigSelector -  SubType Check is needed 
22:25:00.640 [main] INFO  i.p.r.h.c.c.ConditionConfigSelector -  SubType Passed Windows 
22:25:00.640 [main] INFO  i.p.r.h.c.c.ConditionConfigSelector -  Ccomparing getPersistantSubType Windows and RULE_SET_UP_PERSISTANT_SUB_TYPE of rulePersistantSubType Windows 
22:25:00.641 [main] INFO  i.p.r.h.c.c.ConditionConfigSelector -  Seletor Matched for Sub Persistant Type 
22:25:00.901 [main] INFO  i.p.r.builders.PraeceptaRuleBuilder - Hub Manager is not empty
22:25:00.938 [main] INFO  i.p.r.h.f.util.PraeceptaFileUtil - Inside readAllFilesAbsolutPathsInDirectoryWithAFormat for File Path G:\Praecepta\IntegrationTest\BRD\ICICI\FXL\1.0\rulespace: 
22:25:00.945 [main] INFO  i.p.r.h.f.util.PraeceptaFileUtil - Checking whether Predict works for File BRD_ICICI_FXL_1.0_praeceptarulespace.json 
22:25:00.946 [main] INFO  i.p.r.h.f.util.PraeceptaFileUtil - Predictae is success for file name BRD_ICICI_FXL_1.0_praeceptarulespace.json 
22:25:00.956 [main] INFO  i.p.r.h.f.util.PraeceptaFileUtil - Inside readAllFilesAbsolutPathsInDirectoryWithAFormat for File Path G:\Praecepta\IntegrationTest\BRD\GTO\ACATS\1.0\rulespace: 
22:25:00.956 [main] INFO  i.p.r.h.f.util.PraeceptaFileUtil - Checking whether Predict works for File BRD_GTO_ACATS_1.0_praeceptarulespace.json 
22:25:00.958 [main] INFO  i.p.r.h.f.util.PraeceptaFileUtil - Predictae is success for file name BRD_GTO_ACATS_1.0_praeceptarulespace.json 
22:25:00.958 [main] INFO  i.p.r.h.f.util.PraeceptaFileUtil - Inside readAllFilesAbsolutPathsInDirectoryWithAFormat for File Path G:\Praecepta\IntegrationTest\BRD\GTO\ACATS\1.1\rulespace: 
22:25:00.959 [main] INFO  i.p.r.h.f.util.PraeceptaFileUtil - Checking whether Predict works for File BRD_GTO_ACATS_1.1_praeceptarulespace.json 
22:25:00.959 [main] INFO  i.p.r.h.f.util.PraeceptaFileUtil - Predictae is success for file name BRD_GTO_ACATS_1.1_praeceptarulespace.json 
22:25:00.959 [main] INFO  i.p.r.h.f.util.PraeceptaFileUtil - Inside readAllFilesAbsolutPathsInDirectoryWithAFormat for File Path G:\Praecepta\IntegrationTest\RBC\TRADE_EXECUTION\RISK_CALCULATOR\1.1\rulespace: 
22:25:00.960 [main] INFO  i.p.r.h.f.util.PraeceptaFileUtil - Checking whether Predict works for File RBC_TRADE_EXECUTION_RISK_CALCULATOR_1.1_praeceptarulespace.json 
22:25:00.960 [main] INFO  i.p.r.h.f.util.PraeceptaFileUtil - Predictae is success for file name RBC_TRADE_EXECUTION_RISK_CALCULATOR_1.1_praeceptarulespace.json 
22:25:00.960 [main] INFO  i.p.r.h.f.util.PraeceptaFileUtil - Inside readAllFilesAbsolutPathsInDirectoryWithAFormat for File Path G:\Praecepta\IntegrationTest\RBC\TRADE_EXECUTION\RISK_CALCULATOR\1.2\rulespace: 
22:25:00.961 [main] INFO  i.p.r.h.f.util.PraeceptaFileUtil - Checking whether Predict works for File RBC_TRADE_EXECUTION_RISK_CALCULATOR_1.2_praeceptarulespace.json 
22:25:00.961 [main] INFO  i.p.r.h.f.util.PraeceptaFileUtil - Predictae is success for file name RBC_TRADE_EXECUTION_RISK_CALCULATOR_1.2_praeceptarulespace.json 
22:25:00.962 [main] INFO  i.p.r.h.f.util.PraeceptaFileUtil - Inside readAllFilesAbsolutPathsInDirectoryWithAFormat for File Path G:\Praecepta\IntegrationTest\RBC\TRADE_EXECUTION\RISK_CALCULATOR\1.3\rulespace: 
22:25:00.962 [main] INFO  i.p.r.h.f.util.PraeceptaFileUtil - Checking whether Predict works for File RBC_TRADE_EXECUTION_RISK_CALCULATOR_1.3_praeceptarulespace.json 
22:25:00.962 [main] INFO  i.p.r.h.f.util.PraeceptaFileUtil - Predictae is success for file name RBC_TRADE_EXECUTION_RISK_CALCULATOR_1.3_praeceptarulespace.json 
22:25:00.967 [main] INFO  i.p.r.h.f.util.PraeceptaFileUtil - Inside readAllFilesAbsolutPathsInDirectoryWithAFormat for File Path G:\Praecepta\IntegrationTest\BRD\ICICI\FXL\1.0\rulegroup: 
22:25:00.968 [main] INFO  i.p.r.h.f.util.PraeceptaFileUtil - Checking whether Predict works for File BRD_ICICI_FXL_1.0_NameAndAgevalidation_praeceptarulegroup.json 
22:25:00.968 [main] INFO  i.p.r.h.f.util.PraeceptaFileUtil - Predictae is success for file name BRD_ICICI_FXL_1.0_NameAndAgevalidation_praeceptarulegroup.json 
22:25:01.125 [main] INFO  i.p.r.h.f.util.PraeceptaFileUtil - Inside readAllFilesAbsolutPathsInDirectoryWithAFormat for File Path G:\Praecepta\IntegrationTest\BRD\GTO\ACATS\1.0\rulegroup: 
22:25:01.126 [main] INFO  i.p.r.h.f.util.PraeceptaFileUtil - Checking whether Predict works for File BRD_GTO_ACATS_1.0_TRANSFER_STOP_praeceptarulegroup.json 
22:25:01.126 [main] INFO  i.p.r.h.f.util.PraeceptaFileUtil - Predictae is success for file name BRD_GTO_ACATS_1.0_TRANSFER_STOP_praeceptarulegroup.json 
22:25:01.127 [main] INFO  i.p.r.h.f.util.PraeceptaFileUtil - Inside readAllFilesAbsolutPathsInDirectoryWithAFormat for File Path G:\Praecepta\IntegrationTest\BRD\GTO\ACATS\1.1\rulegroup: 
22:25:01.127 [main] INFO  i.p.r.h.f.util.PraeceptaFileUtil - Checking whether Predict works for File BRD_GTO_ACATS_1.1_TRANSFER_STOP_praeceptarulegroup.json 
22:25:01.127 [main] INFO  i.p.r.h.f.util.PraeceptaFileUtil - Predictae is success for file name BRD_GTO_ACATS_1.1_TRANSFER_STOP_praeceptarulegroup.json 
22:25:01.129 [main] INFO  i.p.r.h.f.util.PraeceptaFileUtil - Inside readAllFilesAbsolutPathsInDirectoryWithAFormat for File Path G:\Praecepta\IntegrationTest\RBC\TRADE_EXECUTION\RISK_CALCULATOR\1.1\rulegroup: 
22:25:01.130 [main] INFO  i.p.r.h.f.util.PraeceptaFileUtil - Checking whether Predict works for File RBC_TRADE_EXECUTION_RISK_CALCULATOR_1.1_STOP_TRADE_EXECUTION_praeceptarulegroup.json 
22:25:01.130 [main] INFO  i.p.r.h.f.util.PraeceptaFileUtil - Predictae is success for file name RBC_TRADE_EXECUTION_RISK_CALCULATOR_1.1_STOP_TRADE_EXECUTION_praeceptarulegroup.json 
22:25:01.131 [main] INFO  i.p.r.h.f.util.PraeceptaFileUtil - Inside readAllFilesAbsolutPathsInDirectoryWithAFormat for File Path G:\Praecepta\IntegrationTest\RBC\TRADE_EXECUTION\RISK_CALCULATOR\1.2\rulegroup: 
22:25:01.132 [main] INFO  i.p.r.h.f.util.PraeceptaFileUtil - Checking whether Predict works for File RBC_TRADE_EXECUTION_RISK_CALCULATOR_1.2_STOP_TRADE_EXECUTION_praeceptarulegroup.json 
22:25:01.132 [main] INFO  i.p.r.h.f.util.PraeceptaFileUtil - Predictae is success for file name RBC_TRADE_EXECUTION_RISK_CALCULATOR_1.2_STOP_TRADE_EXECUTION_praeceptarulegroup.json 
22:25:01.134 [main] INFO  i.p.r.h.f.util.PraeceptaFileUtil - Inside readAllFilesAbsolutPathsInDirectoryWithAFormat for File Path G:\Praecepta\IntegrationTest\RBC\TRADE_EXECUTION\RISK_CALCULATOR\1.3\rulegroup: 
22:25:01.134 [main] INFO  i.p.r.h.f.util.PraeceptaFileUtil - Checking whether Predict works for File RBC_TRADE_EXECUTION_RISK_CALCULATOR_1.3_STOP_TRADE_EXECUTION_praeceptarulegroup.json 
22:25:01.134 [main] INFO  i.p.r.h.f.util.PraeceptaFileUtil - Predictae is success for file name RBC_TRADE_EXECUTION_RISK_CALCULATOR_1.3_STOP_TRADE_EXECUTION_praeceptarulegroup.json 
22:25:01.136 [main] INFO  i.p.r.h.f.util.PraeceptaFileUtil - Inside readAllFilesAbsolutPathsInDirectoryWithAFormat for File Path G:\Praecepta\IntegrationTest\RBC\TRADE_EXECUTION\RISK_CALCULATOR\V1\rulegroup: 
22:25:01.137 [main] INFO  i.p.r.h.f.util.PraeceptaFileUtil - Checking whether Predict works for File RBC_TRADE_EXECUTION_RISK_CALCULATOR_V1_STOP_TRADE_EXECUTION_praeceptarulegroup.json 
22:25:01.137 [main] INFO  i.p.r.h.f.util.PraeceptaFileUtil - Predictae is success for file name RBC_TRADE_EXECUTION_RISK_CALCULATOR_V1_STOP_TRADE_EXECUTION_praeceptarulegroup.json 
22:25:01.144 [main] INFO  i.p.r.h.f.util.PraeceptaFileUtil - Inside readAllFilesAbsolutPathsInDirectoryWithAFormat for File Path G:\Praecepta\IntegrationTest\BRD\GTO\ACATS\1.0\sidecar: 
22:25:01.145 [main] INFO  i.p.r.h.f.util.PraeceptaFileUtil - Checking whether Predict works for File BRD_GTO_ACATS_1.0_TRANSFER_STOP_praeceptasidecar.json 
22:25:01.145 [main] INFO  i.p.r.h.f.util.PraeceptaFileUtil - Predictae is success for file name BRD_GTO_ACATS_1.0_TRANSFER_STOP_praeceptasidecar.json 
22:25:01.148 [main] INFO  i.p.r.h.f.util.PraeceptaFileUtil - Inside readAllFilesAbsolutPathsInDirectoryWithAFormat for File Path G:\Praecepta\IntegrationTest\BRD\GTO\ACATS\1.1\sidecar: 
22:25:01.148 [main] INFO  i.p.r.h.f.util.PraeceptaFileUtil - Checking whether Predict works for File BRD_GTO_ACATS_1.1_TRANSFER_STOP_praeceptasidecar.json 
22:25:01.149 [main] INFO  i.p.r.h.f.util.PraeceptaFileUtil - Predictae is success for file name BRD_GTO_ACATS_1.1_TRANSFER_STOP_praeceptasidecar.json 
22:25:01.149 [main] INFO  i.p.r.h.f.util.PraeceptaFileUtil - Inside readAllFilesAbsolutPathsInDirectoryWithAFormat for File Path G:\Praecepta\IntegrationTest\RBC\TRADE_EXECUTION\RISK_CALCULATOR\1.1\sidecar: 
22:25:01.149 [main] INFO  i.p.r.h.f.util.PraeceptaFileUtil - Checking whether Predict works for File RBC_TRADE_EXECUTION_RISK_CALCULATOR_1.1_STOP_TRADE_EXECUTION_praeceptasidecar.json 
22:25:01.150 [main] INFO  i.p.r.h.f.util.PraeceptaFileUtil - Predictae is success for file name RBC_TRADE_EXECUTION_RISK_CALCULATOR_1.1_STOP_TRADE_EXECUTION_praeceptasidecar.json 
22:25:01.150 [main] INFO  i.p.r.h.f.util.PraeceptaFileUtil - Inside readAllFilesAbsolutPathsInDirectoryWithAFormat for File Path G:\Praecepta\IntegrationTest\RBC\TRADE_EXECUTION\RISK_CALCULATOR\1.2\sidecar: 
22:25:01.151 [main] INFO  i.p.r.h.f.util.PraeceptaFileUtil - Checking whether Predict works for File RBC_TRADE_EXECUTION_RISK_CALCULATOR_1.2_STOP_TRADE_EXECUTION_praeceptasidecar.json 
22:25:01.151 [main] INFO  i.p.r.h.f.util.PraeceptaFileUtil - Predictae is success for file name RBC_TRADE_EXECUTION_RISK_CALCULATOR_1.2_STOP_TRADE_EXECUTION_praeceptasidecar.json 
22:25:01.154 [main] INFO  i.p.r.h.f.util.PraeceptaFileUtil - Inside readAllFilesAbsolutPathsInDirectoryWithAFormat for File Path G:\Praecepta\IntegrationTest\RBC\TRADE_EXECUTION\RISK_CALCULATOR\1.3\sidecar: 
22:25:01.155 [main] INFO  i.p.r.h.f.util.PraeceptaFileUtil - Checking whether Predict works for File RBC_TRADE_EXECUTION_RISK_CALCULATOR_1.3_STOP_TRADE_EXECUTION_praeceptasidecar.json 
22:25:01.156 [main] INFO  i.p.r.h.f.util.PraeceptaFileUtil - Predictae is success for file name RBC_TRADE_EXECUTION_RISK_CALCULATOR_1.3_STOP_TRADE_EXECUTION_praeceptasidecar.json 
22:25:01.158 [main] INFO  i.p.r.h.d.PraeceptaPivotalRulesHubStore - Getting All Active RuleSpaces 
22:25:01.159 [main] INFO  i.p.r.h.d.PraeceptaPivotalRulesHubStore - Active RuleSpaces size --> 6
22:25:01.163 [main] INFO  i.p.r.a.b.PraeceptaSparkApiServiceBuilder -  Total Methods Size : 10
22:25:01.163 [main] INFO  i.p.r.a.b.PraeceptaSparkApiServiceBuilder -  Here is the Parent Route : /ruleGroupController for Service : ruleGroupController
22:25:01.182 [main] INFO  i.p.r.a.b.PraeceptaSparkApiServiceMethodBuilder -  Inside Add Get method function. Get Methods Size : 2
22:25:01.188 [main] INFO  i.p.r.a.b.PraeceptaSparkApiServiceMethodBuilder -  Inside Add Post method function. Post Methods Size : 6
22:25:01.191 [main] INFO  i.p.r.a.b.PraeceptaSparkApiServiceMethodBuilder -  Inside Add Put method function. Put Methods Size : 0
22:25:01.192 [main] INFO  i.p.r.a.b.PraeceptaSparkApiServiceMethodBuilder -  Inside Add Patch method function. Patch Methods Size : 0
22:25:01.193 [main] INFO  i.p.r.a.b.PraeceptaSparkApiServiceMethodBuilder -  Inside Add Delete method function. Delete Methods Size : 1 
22:25:01.196 [main] INFO  i.p.r.a.b.PraeceptaSparkApiServiceBuilder -  Total Methods Size : 5
22:25:01.199 [main] INFO  i.p.r.a.b.PraeceptaSparkApiServiceBuilder -  Here is the Parent Route : /sidecarController for Service : sidecarController
22:25:01.200 [main] INFO  i.p.r.a.b.PraeceptaSparkApiServiceMethodBuilder -  Inside Add Get method function. Get Methods Size : 3
22:25:01.200 [main] INFO  i.p.r.a.b.PraeceptaSparkApiServiceMethodBuilder -  Inside Add Post method function. Post Methods Size : 8
22:25:01.201 [main] INFO  i.p.r.a.b.PraeceptaSparkApiServiceMethodBuilder -  Inside Add Put method function. Put Methods Size : 0
22:25:01.201 [main] INFO  i.p.r.a.b.PraeceptaSparkApiServiceMethodBuilder -  Inside Add Patch method function. Patch Methods Size : 0
22:25:01.201 [main] INFO  i.p.r.a.b.PraeceptaSparkApiServiceMethodBuilder -  Inside Add Delete method function. Delete Methods Size : 2 
22:25:01.201 [main] INFO  i.p.r.a.b.PraeceptaSparkApiServiceBuilder -  Total Methods Size : 5
22:25:01.203 [main] INFO  i.p.r.a.b.PraeceptaSparkApiServiceBuilder -  Here is the Parent Route : /ruleSpaceController for Service : ruleSpaceController
22:25:01.203 [main] INFO  i.p.r.a.b.PraeceptaSparkApiServiceMethodBuilder -  Inside Add Get method function. Get Methods Size : 5
22:25:01.208 [main] INFO  i.p.r.a.b.PraeceptaSparkApiServiceMethodBuilder -  Inside Add Post method function. Post Methods Size : 9
22:25:01.209 [main] INFO  i.p.r.a.b.PraeceptaSparkApiServiceMethodBuilder -  Inside Add Put method function. Put Methods Size : 0
22:25:01.209 [main] INFO  i.p.r.a.b.PraeceptaSparkApiServiceMethodBuilder -  Inside Add Patch method function. Patch Methods Size : 0
22:25:01.209 [main] INFO  i.p.r.a.b.PraeceptaSparkApiServiceMethodBuilder -  Inside Add Delete method function. Delete Methods Size : 3 
22:25:01.219 [Thread-1] INFO  org.eclipse.jetty.util.log - Logging initialized @1192ms to org.eclipse.jetty.util.log.Slf4jLog
22:25:01.299 [Thread-1] INFO  s.e.jetty.EmbeddedJettyServer - == Spark has ignited ...
22:25:01.301 [Thread-1] INFO  s.e.jetty.EmbeddedJettyServer - >> Listening on 0.0.0.0:4567
22:25:01.304 [Thread-1] INFO  org.eclipse.jetty.server.Server - jetty-9.4.48.v20220622; built: 2022-06-21T20:42:25.880Z; git: 6b67c5719d1f4371b33655ff2d047d24e171e49a; jvm 1.8.0_171-b11
22:25:01.334 [Thread-1] INFO  org.eclipse.jetty.server.session - DefaultSessionIdManager workerName=node0
22:25:01.334 [Thread-1] INFO  org.eclipse.jetty.server.session - No SessionScavenger set, using defaults
22:25:01.336 [Thread-1] INFO  org.eclipse.jetty.server.session - node0 Scavenging every 600000ms
22:25:01.365 [Thread-1] INFO  o.e.jetty.server.AbstractConnector - Started ServerConnector@35f18f48{HTTP/1.1, (http/1.1)}{0.0.0.0:4567}
22:25:01.366 [Thread-1] INFO  org.eclipse.jetty.server.Server - Started @1340ms
22:30:58.151 [main] INFO  i.p.r.builders.PraeceptaRuleBuilder - Rule Props File to Use from Classpath praecepta-rule-load.properties 
22:30:58.155 [main] INFO  i.p.r.builders.PraeceptaRuleBuilder - Props Loaded  --> {SQL_DB.connection_props.MySQL.db.username=root, FILE_SYSTEM.connection_props.Windows.folder_name=G:\Praecepta\IntegrationTest, SQL_DB.type=, SQL_DB.connection_props.MySQL.db.password=root, NO_SQL_DB.connection_props.ElasticSearch.password=, NO_SQL_DB.type=, SQL_DB.connection_props.MySQL.db.driver=com.mysql.jdbc.Driver, SQL_DB.connection_props.MySQL.db.dialect=org.hibernate.dialect.MySQLDialect, SQL_DB.connection_props.MySQL.model.packages=org.xploretech.rules.hub.dbbased.model, NO_SQL_DB.connection_props.ElasticSearch.port=, SQL_DB.connection_props.MySQL.db.url=jdbc:mysql://127.0.0.1:3306/praecepta?autoReconnect=true, FILE_SYSTEM.type=Windows, rule_loader_type=FILE_SYSTEM, NO_SQL_DB.connection_props.ElasticSearch.user_name=, NO_SQL_DB.connection_props.ElasticSearch.ip=, SQL_DB.connection_props.MySQL.show_sql=true, FILE_SYSTEM.connection_props.Windows.file_name=praeceptaMetaData.json} 
22:30:58.191 [main] INFO  i.p.r.builders.PraeceptaRuleBuilder - Props Loaded from Hash Map --> {SQL_DB.connection_props.MySQL.show_sql=true, NO_SQL_DB.connection_props.ElasticSearch.user_name=, NO_SQL_DB.type=, NO_SQL_DB.connection_props.ElasticSearch.password=, FILE_SYSTEM.type=Windows, NO_SQL_DB.connection_props.ElasticSearch.port=, SQL_DB.connection_props.MySQL.db.dialect=org.hibernate.dialect.MySQLDialect, SQL_DB.type=, rule_loader_type=FILE_SYSTEM, FILE_SYSTEM.connection_props.Windows.folder_name=G:\Praecepta\IntegrationTest, FILE_SYSTEM.connection_props.Windows.file_name=praeceptaMetaData.json, SQL_DB.connection_props.MySQL.db.username=root, NO_SQL_DB.connection_props.ElasticSearch.ip=, SQL_DB.connection_props.MySQL.db.password=root, SQL_DB.connection_props.MySQL.db.url=jdbc:mysql://127.0.0.1:3306/praecepta?autoReconnect=true, SQL_DB.connection_props.MySQL.model.packages=org.xploretech.rules.hub.dbbased.model, SQL_DB.connection_props.MySQL.db.driver=com.mysql.jdbc.Driver}
22:30:58.191 [main] INFO  i.p.r.builders.PraeceptaRuleBuilder -  Building the Rule Space 
22:30:58.192 [main] INFO  i.p.r.builders.PraeceptaRuleBuilder -  Rule Persistant Type from Props File --> FILE_SYSTEM 
22:30:58.193 [main] INFO  i.p.r.builders.PraeceptaRuleBuilder -  Rule Persistant Sub Type from Props File --> Windows 
22:30:58.195 [main] INFO  i.p.r.builders.PraeceptaRuleBuilder -  Rule Builder Connection Props Prefix FILE_SYSTEM.connection_props.Windows 
22:30:58.204 [main] INFO  i.p.r.builders.PraeceptaRuleBuilder -  Rule Builder Connection Props from Props File --> {FILE_SYSTEM.connection_props.Windows.folder_name=G:\Praecepta\IntegrationTest, FILE_SYSTEM.connection_props.Windows.file_name=praeceptaMetaData.json} 
22:30:58.207 [main] INFO  i.p.r.builders.PraeceptaRuleBuilder -  Adding System Prop Key FILE_SYSTEM.connection_props.Windows.folder_name with Value G:\Praecepta\IntegrationTest
22:30:58.207 [main] INFO  i.p.r.builders.PraeceptaRuleBuilder -  Adding System Prop Key FILE_SYSTEM.connection_props.Windows.file_name with Value praeceptaMetaData.json
22:30:58.364 [main] INFO  i.p.r.h.c.c.ConditionConfigSelector -  Checking the Selector for Persistant Type FILE_SYSTEM 
22:30:58.364 [main] INFO  i.p.r.h.c.c.ConditionConfigSelector -  Ccomparing getPersistantType SQL_DB and RULE_SET_UP_PERSISTANT_TYPE of rulePersistantType FILE_SYSTEM 
22:30:58.365 [main] INFO  i.p.r.h.c.c.ConditionConfigSelector -  Checking the Selector for Persistant Type FILE_SYSTEM 
22:30:58.365 [main] INFO  i.p.r.h.c.c.ConditionConfigSelector -  Ccomparing getPersistantType NO_SQL_DB and RULE_SET_UP_PERSISTANT_TYPE of rulePersistantType FILE_SYSTEM 
22:30:58.366 [main] INFO  i.p.r.h.c.c.ConditionConfigSelector -  Checking the Selector for Persistant Type FILE_SYSTEM 
22:30:58.366 [main] INFO  i.p.r.h.c.c.ConditionConfigSelector -  Ccomparing getPersistantType FILE_SYSTEM and RULE_SET_UP_PERSISTANT_TYPE of rulePersistantType FILE_SYSTEM 
22:30:58.366 [main] INFO  i.p.r.h.c.c.ConditionConfigSelector -  Seletor Matched for Persistant Type 
22:30:58.366 [main] INFO  i.p.r.h.c.c.ConditionConfigSelector -  SubType Check is needed 
22:30:58.366 [main] INFO  i.p.r.h.c.c.ConditionConfigSelector -  SubType Passed Windows 
22:30:58.366 [main] INFO  i.p.r.h.c.c.ConditionConfigSelector -  Ccomparing getPersistantSubType Windows and RULE_SET_UP_PERSISTANT_SUB_TYPE of rulePersistantSubType Windows 
22:30:58.366 [main] INFO  i.p.r.h.c.c.ConditionConfigSelector -  Seletor Matched for Sub Persistant Type 
22:30:58.391 [main] INFO  i.p.r.h.c.c.ConditionConfigSelector -  Checking the Selector for Persistant Type FILE_SYSTEM 
22:30:58.391 [main] INFO  i.p.r.h.c.c.ConditionConfigSelector -  Ccomparing getPersistantType FILE_SYSTEM and RULE_SET_UP_PERSISTANT_TYPE of rulePersistantType FILE_SYSTEM 
22:30:58.391 [main] INFO  i.p.r.h.c.c.ConditionConfigSelector -  Seletor Matched for Persistant Type 
22:30:58.391 [main] INFO  i.p.r.h.c.c.ConditionConfigSelector -  SubType Check is needed 
22:30:58.391 [main] INFO  i.p.r.h.c.c.ConditionConfigSelector -  SubType Passed Windows 
22:30:58.391 [main] INFO  i.p.r.h.c.c.ConditionConfigSelector -  Ccomparing getPersistantSubType Windows and RULE_SET_UP_PERSISTANT_SUB_TYPE of rulePersistantSubType Windows 
22:30:58.392 [main] INFO  i.p.r.h.c.c.ConditionConfigSelector -  Seletor Matched for Sub Persistant Type 
22:30:58.663 [main] INFO  i.p.r.builders.PraeceptaRuleBuilder - Hub Manager is not empty
22:30:58.695 [main] INFO  i.p.r.h.f.util.PraeceptaFileUtil - Inside readAllFilesAbsolutPathsInDirectoryWithAFormat for File Path G:\Praecepta\IntegrationTest\BRD\ICICI\FXL\1.0\rulespace: 
22:30:58.700 [main] INFO  i.p.r.h.f.util.PraeceptaFileUtil - Checking whether Predict works for File BRD_ICICI_FXL_1.0_praeceptarulespace.json 
22:30:58.700 [main] INFO  i.p.r.h.f.util.PraeceptaFileUtil - Predictae is success for file name BRD_ICICI_FXL_1.0_praeceptarulespace.json 
22:30:58.711 [main] INFO  i.p.r.h.f.util.PraeceptaFileUtil - Inside readAllFilesAbsolutPathsInDirectoryWithAFormat for File Path G:\Praecepta\IntegrationTest\BRD\GTO\ACATS\1.0\rulespace: 
22:30:58.712 [main] INFO  i.p.r.h.f.util.PraeceptaFileUtil - Checking whether Predict works for File BRD_GTO_ACATS_1.0_praeceptarulespace.json 
22:30:58.712 [main] INFO  i.p.r.h.f.util.PraeceptaFileUtil - Predictae is success for file name BRD_GTO_ACATS_1.0_praeceptarulespace.json 
22:30:58.713 [main] INFO  i.p.r.h.f.util.PraeceptaFileUtil - Inside readAllFilesAbsolutPathsInDirectoryWithAFormat for File Path G:\Praecepta\IntegrationTest\BRD\GTO\ACATS\1.1\rulespace: 
22:30:58.713 [main] INFO  i.p.r.h.f.util.PraeceptaFileUtil - Checking whether Predict works for File BRD_GTO_ACATS_1.1_praeceptarulespace.json 
22:30:58.713 [main] INFO  i.p.r.h.f.util.PraeceptaFileUtil - Predictae is success for file name BRD_GTO_ACATS_1.1_praeceptarulespace.json 
22:30:58.714 [main] INFO  i.p.r.h.f.util.PraeceptaFileUtil - Inside readAllFilesAbsolutPathsInDirectoryWithAFormat for File Path G:\Praecepta\IntegrationTest\RBC\TRADE_EXECUTION\RISK_CALCULATOR\1.1\rulespace: 
22:30:58.714 [main] INFO  i.p.r.h.f.util.PraeceptaFileUtil - Checking whether Predict works for File RBC_TRADE_EXECUTION_RISK_CALCULATOR_1.1_praeceptarulespace.json 
22:30:58.715 [main] INFO  i.p.r.h.f.util.PraeceptaFileUtil - Predictae is success for file name RBC_TRADE_EXECUTION_RISK_CALCULATOR_1.1_praeceptarulespace.json 
22:30:58.715 [main] INFO  i.p.r.h.f.util.PraeceptaFileUtil - Inside readAllFilesAbsolutPathsInDirectoryWithAFormat for File Path G:\Praecepta\IntegrationTest\RBC\TRADE_EXECUTION\RISK_CALCULATOR\1.2\rulespace: 
22:30:58.715 [main] INFO  i.p.r.h.f.util.PraeceptaFileUtil - Checking whether Predict works for File RBC_TRADE_EXECUTION_RISK_CALCULATOR_1.2_praeceptarulespace.json 
22:30:58.716 [main] INFO  i.p.r.h.f.util.PraeceptaFileUtil - Predictae is success for file name RBC_TRADE_EXECUTION_RISK_CALCULATOR_1.2_praeceptarulespace.json 
22:30:58.716 [main] INFO  i.p.r.h.f.util.PraeceptaFileUtil - Inside readAllFilesAbsolutPathsInDirectoryWithAFormat for File Path G:\Praecepta\IntegrationTest\RBC\TRADE_EXECUTION\RISK_CALCULATOR\1.3\rulespace: 
22:30:58.716 [main] INFO  i.p.r.h.f.util.PraeceptaFileUtil - Checking whether Predict works for File RBC_TRADE_EXECUTION_RISK_CALCULATOR_1.3_praeceptarulespace.json 
22:30:58.717 [main] INFO  i.p.r.h.f.util.PraeceptaFileUtil - Predictae is success for file name RBC_TRADE_EXECUTION_RISK_CALCULATOR_1.3_praeceptarulespace.json 
22:30:58.721 [main] INFO  i.p.r.h.f.util.PraeceptaFileUtil - Inside readAllFilesAbsolutPathsInDirectoryWithAFormat for File Path G:\Praecepta\IntegrationTest\BRD\ICICI\FXL\1.0\rulegroup: 
22:30:58.722 [main] INFO  i.p.r.h.f.util.PraeceptaFileUtil - Checking whether Predict works for File BRD_ICICI_FXL_1.0_NameAndAgevalidation_praeceptarulegroup.json 
22:30:58.722 [main] INFO  i.p.r.h.f.util.PraeceptaFileUtil - Predictae is success for file name BRD_ICICI_FXL_1.0_NameAndAgevalidation_praeceptarulegroup.json 
22:30:58.856 [main] INFO  i.p.r.h.f.util.PraeceptaFileUtil - Inside readAllFilesAbsolutPathsInDirectoryWithAFormat for File Path G:\Praecepta\IntegrationTest\BRD\GTO\ACATS\1.0\rulegroup: 
22:30:58.857 [main] INFO  i.p.r.h.f.util.PraeceptaFileUtil - Checking whether Predict works for File BRD_GTO_ACATS_1.0_TRANSFER_STOP_praeceptarulegroup.json 
22:30:58.857 [main] INFO  i.p.r.h.f.util.PraeceptaFileUtil - Predictae is success for file name BRD_GTO_ACATS_1.0_TRANSFER_STOP_praeceptarulegroup.json 
22:30:58.858 [main] INFO  i.p.r.h.f.util.PraeceptaFileUtil - Inside readAllFilesAbsolutPathsInDirectoryWithAFormat for File Path G:\Praecepta\IntegrationTest\BRD\GTO\ACATS\1.1\rulegroup: 
22:30:58.858 [main] INFO  i.p.r.h.f.util.PraeceptaFileUtil - Checking whether Predict works for File BRD_GTO_ACATS_1.1_TRANSFER_STOP_praeceptarulegroup.json 
22:30:58.858 [main] INFO  i.p.r.h.f.util.PraeceptaFileUtil - Predictae is success for file name BRD_GTO_ACATS_1.1_TRANSFER_STOP_praeceptarulegroup.json 
22:30:58.859 [main] INFO  i.p.r.h.f.util.PraeceptaFileUtil - Inside readAllFilesAbsolutPathsInDirectoryWithAFormat for File Path G:\Praecepta\IntegrationTest\RBC\TRADE_EXECUTION\RISK_CALCULATOR\1.1\rulegroup: 
22:30:58.859 [main] INFO  i.p.r.h.f.util.PraeceptaFileUtil - Checking whether Predict works for File RBC_TRADE_EXECUTION_RISK_CALCULATOR_1.1_STOP_TRADE_EXECUTION_praeceptarulegroup.json 
22:30:58.859 [main] INFO  i.p.r.h.f.util.PraeceptaFileUtil - Predictae is success for file name RBC_TRADE_EXECUTION_RISK_CALCULATOR_1.1_STOP_TRADE_EXECUTION_praeceptarulegroup.json 
22:30:58.861 [main] INFO  i.p.r.h.f.util.PraeceptaFileUtil - Inside readAllFilesAbsolutPathsInDirectoryWithAFormat for File Path G:\Praecepta\IntegrationTest\RBC\TRADE_EXECUTION\RISK_CALCULATOR\1.2\rulegroup: 
22:30:58.862 [main] INFO  i.p.r.h.f.util.PraeceptaFileUtil - Checking whether Predict works for File RBC_TRADE_EXECUTION_RISK_CALCULATOR_1.2_STOP_TRADE_EXECUTION_praeceptarulegroup.json 
22:30:58.862 [main] INFO  i.p.r.h.f.util.PraeceptaFileUtil - Predictae is success for file name RBC_TRADE_EXECUTION_RISK_CALCULATOR_1.2_STOP_TRADE_EXECUTION_praeceptarulegroup.json 
22:30:58.863 [main] INFO  i.p.r.h.f.util.PraeceptaFileUtil - Inside readAllFilesAbsolutPathsInDirectoryWithAFormat for File Path G:\Praecepta\IntegrationTest\RBC\TRADE_EXECUTION\RISK_CALCULATOR\1.3\rulegroup: 
22:30:58.864 [main] INFO  i.p.r.h.f.util.PraeceptaFileUtil - Checking whether Predict works for File RBC_TRADE_EXECUTION_RISK_CALCULATOR_1.3_STOP_TRADE_EXECUTION_praeceptarulegroup.json 
22:30:58.865 [main] INFO  i.p.r.h.f.util.PraeceptaFileUtil - Predictae is success for file name RBC_TRADE_EXECUTION_RISK_CALCULATOR_1.3_STOP_TRADE_EXECUTION_praeceptarulegroup.json 
22:30:58.866 [main] INFO  i.p.r.h.f.util.PraeceptaFileUtil - Inside readAllFilesAbsolutPathsInDirectoryWithAFormat for File Path G:\Praecepta\IntegrationTest\RBC\TRADE_EXECUTION\RISK_CALCULATOR\V1\rulegroup: 
22:30:58.866 [main] INFO  i.p.r.h.f.util.PraeceptaFileUtil - Checking whether Predict works for File RBC_TRADE_EXECUTION_RISK_CALCULATOR_V1_STOP_TRADE_EXECUTION_praeceptarulegroup.json 
22:30:58.867 [main] INFO  i.p.r.h.f.util.PraeceptaFileUtil - Predictae is success for file name RBC_TRADE_EXECUTION_RISK_CALCULATOR_V1_STOP_TRADE_EXECUTION_praeceptarulegroup.json 
22:30:58.874 [main] INFO  i.p.r.h.f.util.PraeceptaFileUtil - Inside readAllFilesAbsolutPathsInDirectoryWithAFormat for File Path G:\Praecepta\IntegrationTest\BRD\GTO\ACATS\1.0\sidecar: 
22:30:58.875 [main] INFO  i.p.r.h.f.util.PraeceptaFileUtil - Checking whether Predict works for File BRD_GTO_ACATS_1.0_TRANSFER_STOP_praeceptasidecar.json 
22:30:58.875 [main] INFO  i.p.r.h.f.util.PraeceptaFileUtil - Predictae is success for file name BRD_GTO_ACATS_1.0_TRANSFER_STOP_praeceptasidecar.json 
22:30:58.878 [main] INFO  i.p.r.h.f.util.PraeceptaFileUtil - Inside readAllFilesAbsolutPathsInDirectoryWithAFormat for File Path G:\Praecepta\IntegrationTest\BRD\GTO\ACATS\1.1\sidecar: 
22:30:58.878 [main] INFO  i.p.r.h.f.util.PraeceptaFileUtil - Checking whether Predict works for File BRD_GTO_ACATS_1.1_TRANSFER_STOP_praeceptasidecar.json 
22:30:58.879 [main] INFO  i.p.r.h.f.util.PraeceptaFileUtil - Predictae is success for file name BRD_GTO_ACATS_1.1_TRANSFER_STOP_praeceptasidecar.json 
22:30:58.879 [main] INFO  i.p.r.h.f.util.PraeceptaFileUtil - Inside readAllFilesAbsolutPathsInDirectoryWithAFormat for File Path G:\Praecepta\IntegrationTest\RBC\TRADE_EXECUTION\RISK_CALCULATOR\1.1\sidecar: 
22:30:58.879 [main] INFO  i.p.r.h.f.util.PraeceptaFileUtil - Checking whether Predict works for File RBC_TRADE_EXECUTION_RISK_CALCULATOR_1.1_STOP_TRADE_EXECUTION_praeceptasidecar.json 
22:30:58.880 [main] INFO  i.p.r.h.f.util.PraeceptaFileUtil - Predictae is success for file name RBC_TRADE_EXECUTION_RISK_CALCULATOR_1.1_STOP_TRADE_EXECUTION_praeceptasidecar.json 
22:30:58.880 [main] INFO  i.p.r.h.f.util.PraeceptaFileUtil - Inside readAllFilesAbsolutPathsInDirectoryWithAFormat for File Path G:\Praecepta\IntegrationTest\RBC\TRADE_EXECUTION\RISK_CALCULATOR\1.2\sidecar: 
22:30:58.880 [main] INFO  i.p.r.h.f.util.PraeceptaFileUtil - Checking whether Predict works for File RBC_TRADE_EXECUTION_RISK_CALCULATOR_1.2_STOP_TRADE_EXECUTION_praeceptasidecar.json 
22:30:58.881 [main] INFO  i.p.r.h.f.util.PraeceptaFileUtil - Predictae is success for file name RBC_TRADE_EXECUTION_RISK_CALCULATOR_1.2_STOP_TRADE_EXECUTION_praeceptasidecar.json 
22:30:58.883 [main] INFO  i.p.r.h.f.util.PraeceptaFileUtil - Inside readAllFilesAbsolutPathsInDirectoryWithAFormat for File Path G:\Praecepta\IntegrationTest\RBC\TRADE_EXECUTION\RISK_CALCULATOR\1.3\sidecar: 
22:30:58.884 [main] INFO  i.p.r.h.f.util.PraeceptaFileUtil - Checking whether Predict works for File RBC_TRADE_EXECUTION_RISK_CALCULATOR_1.3_STOP_TRADE_EXECUTION_praeceptasidecar.json 
22:30:58.884 [main] INFO  i.p.r.h.f.util.PraeceptaFileUtil - Predictae is success for file name RBC_TRADE_EXECUTION_RISK_CALCULATOR_1.3_STOP_TRADE_EXECUTION_praeceptasidecar.json 
22:30:58.886 [main] INFO  i.p.r.h.d.PraeceptaPivotalRulesHubStore - Getting All Active RuleSpaces 
22:30:58.886 [main] INFO  i.p.r.h.d.PraeceptaPivotalRulesHubStore - Active RuleSpaces size --> 6
22:30:58.890 [main] INFO  i.p.r.a.b.PraeceptaSparkApiServiceBuilder -  Total Methods Size : 10
22:30:58.891 [main] INFO  i.p.r.a.b.PraeceptaSparkApiServiceBuilder -  Here is the Parent Route : /ruleGroupController for Service : ruleGroupController
22:30:58.903 [main] INFO  i.p.r.a.b.PraeceptaSparkApiServiceMethodBuilder -  Inside Add Get method function. Get Methods Size : 2
22:30:58.908 [main] INFO  i.p.r.a.b.PraeceptaSparkApiServiceMethodBuilder -  Inside Add Post method function. Post Methods Size : 6
22:30:58.913 [main] INFO  i.p.r.a.b.PraeceptaSparkApiServiceMethodBuilder -  Inside Add Put method function. Put Methods Size : 0
22:30:58.915 [main] INFO  i.p.r.a.b.PraeceptaSparkApiServiceMethodBuilder -  Inside Add Patch method function. Patch Methods Size : 0
22:30:58.916 [main] INFO  i.p.r.a.b.PraeceptaSparkApiServiceMethodBuilder -  Inside Add Delete method function. Delete Methods Size : 1 
22:30:58.920 [main] INFO  i.p.r.a.b.PraeceptaSparkApiServiceBuilder -  Total Methods Size : 5
22:30:58.920 [main] INFO  i.p.r.a.b.PraeceptaSparkApiServiceBuilder -  Here is the Parent Route : /sidecarController for Service : sidecarController
22:30:58.920 [main] INFO  i.p.r.a.b.PraeceptaSparkApiServiceMethodBuilder -  Inside Add Get method function. Get Methods Size : 3
22:30:58.921 [main] INFO  i.p.r.a.b.PraeceptaSparkApiServiceMethodBuilder -  Inside Add Post method function. Post Methods Size : 8
22:30:58.922 [main] INFO  i.p.r.a.b.PraeceptaSparkApiServiceMethodBuilder -  Inside Add Put method function. Put Methods Size : 0
22:30:58.922 [main] INFO  i.p.r.a.b.PraeceptaSparkApiServiceMethodBuilder -  Inside Add Patch method function. Patch Methods Size : 0
22:30:58.922 [main] INFO  i.p.r.a.b.PraeceptaSparkApiServiceMethodBuilder -  Inside Add Delete method function. Delete Methods Size : 2 
22:30:58.923 [main] INFO  i.p.r.a.b.PraeceptaSparkApiServiceBuilder -  Total Methods Size : 5
22:30:58.923 [main] INFO  i.p.r.a.b.PraeceptaSparkApiServiceBuilder -  Here is the Parent Route : /ruleSpaceController for Service : ruleSpaceController
22:30:58.923 [main] INFO  i.p.r.a.b.PraeceptaSparkApiServiceMethodBuilder -  Inside Add Get method function. Get Methods Size : 5
22:30:58.923 [main] INFO  i.p.r.a.b.PraeceptaSparkApiServiceMethodBuilder -  Inside Add Post method function. Post Methods Size : 9
22:30:58.925 [main] INFO  i.p.r.a.b.PraeceptaSparkApiServiceMethodBuilder -  Inside Add Put method function. Put Methods Size : 0
22:30:58.925 [main] INFO  i.p.r.a.b.PraeceptaSparkApiServiceMethodBuilder -  Inside Add Patch method function. Patch Methods Size : 0
22:30:58.925 [main] INFO  i.p.r.a.b.PraeceptaSparkApiServiceMethodBuilder -  Inside Add Delete method function. Delete Methods Size : 3 
22:30:58.925 [Thread-1] INFO  org.eclipse.jetty.util.log - Logging initialized @1042ms to org.eclipse.jetty.util.log.Slf4jLog
22:30:58.981 [Thread-1] INFO  s.e.jetty.EmbeddedJettyServer - == Spark has ignited ...
22:30:58.981 [Thread-1] INFO  s.e.jetty.EmbeddedJettyServer - >> Listening on 0.0.0.0:4567
22:30:58.984 [Thread-1] INFO  org.eclipse.jetty.server.Server - jetty-9.4.48.v20220622; built: 2022-06-21T20:42:25.880Z; git: 6b67c5719d1f4371b33655ff2d047d24e171e49a; jvm 1.8.0_171-b11
22:30:59.002 [Thread-1] INFO  org.eclipse.jetty.server.session - DefaultSessionIdManager workerName=node0
22:30:59.003 [Thread-1] INFO  org.eclipse.jetty.server.session - No SessionScavenger set, using defaults
22:30:59.004 [Thread-1] INFO  org.eclipse.jetty.server.session - node0 Scavenging every 600000ms
22:30:59.023 [Thread-1] INFO  o.e.jetty.server.AbstractConnector - Started ServerConnector@179fc9c6{HTTP/1.1, (http/1.1)}{0.0.0.0:4567}
22:30:59.023 [Thread-1] INFO  org.eclipse.jetty.server.Server - Started @1140ms
